<?xml version="1.0" encoding="UTF-8"?>
<!-- Generated by org.testng.reporters.JUnitReportReporter -->
<testsuite hostname="Robbies-MacBook-Pro.local" name="com.rfideas.node.BadgeScanTest" tests="2" failures="0" timestamp="4 Nov 2019 22:49:57 GMT" time="0.824" errors="0">
  <testcase name="testProcessWithTrueOutcome" time="0.008" classname="com.rfideas.node.BadgeScanTest"/>
  <testcase name="testProcessWithFalseOutcome" time="0.816" classname="com.rfideas.node.BadgeScanTest"/>
</testsuite> <!-- com.rfideas.node.BadgeScanTest -->
